[debug] [2024-06-02T13:16:13.095Z] ----------------------------------------------------------------------
[debug] [2024-06-02T13:16:13.098Z] Command:       C:\Node js\node.exe C:\Users\bawas\AppData\Roaming\npm\node_modules\firebase-tools\lib\bin\firebase.js login
[debug] [2024-06-02T13:16:13.098Z] CLI Version:   13.10.2
[debug] [2024-06-02T13:16:13.099Z] Platform:      win32
[debug] [2024-06-02T13:16:13.099Z] Node Version:  v21.5.0
[debug] [2024-06-02T13:16:13.099Z] Time:          Sun Jun 02 2024 18:46:13 GMT+0530 (India Standard Time)
[debug] [2024-06-02T13:16:13.099Z] ----------------------------------------------------------------------
[debug] 
[debug] [2024-06-02T13:16:13.102Z] >>> [apiv2][query] GET https://firebase-public.firebaseio.com/cli.json [none]
[info] Already logged in as bawasakthiharish10@gmail.com
[debug] [2024-06-02T13:16:13.878Z] <<< [apiv2][status] GET https://firebase-public.firebaseio.com/cli.json 200
[debug] [2024-06-02T13:16:13.878Z] <<< [apiv2][body] GET https://firebase-public.firebaseio.com/cli.json {"cloudBuildErrorAfter":1594252800000,"cloudBuildWarnAfter":1590019200000,"defaultNode10After":1594252800000,"minVersion":"3.0.5","node8DeploysDisabledAfter":1613390400000,"node8RuntimeDisabledAfter":1615809600000,"node8WarnAfter":1600128000000}
[debug] [2024-06-02T13:16:20.447Z] Error: Timed out.
    at Timeout.<anonymous> (C:\Users\bawas\AppData\Roaming\npm\node_modules\firebase-tools\lib\utils.js:267:49)
    at listOnTimeout (node:internal/timers:573:17)
    at process.processTimers (node:internal/timers:514:7)
[error] 
[error] Error: An unexpected error has occurred.
[debug] [2024-06-02T13:16:30.734Z] ----------------------------------------------------------------------
[debug] [2024-06-02T13:16:30.737Z] Command:       C:\Node js\node.exe C:\Users\bawas\AppData\Roaming\npm\node_modules\firebase-tools\lib\bin\firebase.js init
[debug] [2024-06-02T13:16:30.737Z] CLI Version:   13.10.2
[debug] [2024-06-02T13:16:30.737Z] Platform:      win32
[debug] [2024-06-02T13:16:30.737Z] Node Version:  v21.5.0
[debug] [2024-06-02T13:16:30.738Z] Time:          Sun Jun 02 2024 18:46:30 GMT+0530 (India Standard Time)
[debug] [2024-06-02T13:16:30.738Z] ----------------------------------------------------------------------
[debug] 
[debug] [2024-06-02T13:16:30.746Z] > command requires scopes: ["email","openid","https://www.googleapis.com/auth/cloudplatformprojects.readonly","https://www.googleapis.com/auth/firebase","https://www.googleapis.com/auth/cloud-platform"]
[debug] [2024-06-02T13:16:30.746Z] > authorizing via signed-in user (bawasakthiharish10@gmail.com)
[info] 
     ######## #### ########  ######## ########     ###     ######  ########
     ##        ##  ##     ## ##       ##     ##  ##   ##  ##       ##
     ######    ##  ########  ######   ########  #########  ######  ######
     ##        ##  ##    ##  ##       ##     ## ##     ##       ## ##
     ##       #### ##     ## ######## ########  ##     ##  ######  ########

You're about to initialize a Firebase project in this directory:

  B:\projects\personal-journal

